<?xml version="1.0" encoding="UTF-8"?>
<!-- Generated by org.testng.reporters.JUnitReportReporter -->
<testsuite hostname="DESKTOP-R2AVVQT" failures="0" tests="1" name="Session03.Test_GetMethod" time="3.016" errors="0" timestamp="2025-08-01T20:26:19 IST" skipped="0">
  <testcase classname="Session03.Test_GetMethod" name="Test01" time="3.016"/>
</testsuite> <!-- Session03.Test_GetMethod -->
