<?xml version="1.0" encoding="UTF-8"?>
<!-- Generated by org.testng.reporters.JUnitReportReporter -->
<testsuite hostname="DESKTOP-R2AVVQT" failures="0" tests="1" name="session07.WorkingWithQueryParams" time="3.531" errors="0" timestamp="2025-08-03T23:36:29 IST" skipped="0">
  <testcase classname="session07.WorkingWithQueryParams" name="queryParams" time="3.531"/>
</testsuite> <!-- session07.WorkingWithQueryParams -->
