<?xml version="1.0" encoding="UTF-8"?>
<!-- Generated by org.testng.reporters.JUnitReportReporter -->
<testsuite hostname="DESKTOP-R2AVVQT" failures="0" tests="1" name="Session04.CheckForValidResponse" time="2.612" errors="0" timestamp="2025-08-01T21:32:29 IST" skipped="0">
  <testcase classname="Session04.CheckForValidResponse" name="getSingleUser" time="2.612"/>
</testsuite> <!-- Session04.CheckForValidResponse -->
